<?xml version="1.0" encoding="UTF-8"?>
<!-- Generated by org.testng.reporters.JUnitXMLReporter -->
<testsuite ignored="0" hostname="DESKTOP-LOSCQCA" failures="0" tests="4" name="Default test" time="0.092" errors="0" timestamp="2023-07-29T13:30:10 IST">
  <testcase classname="testNG_Parallel_Testing_By_Sarthak.TestNG_Parallel_Part1" name="tc1" time="0.014"/>
  <testcase classname="testNG_Parallel_Testing_By_Sarthak.TestNG_Parallel_Part1" name="tc1" time="0.014"/>
  <testcase classname="testNG_Parallel_Testing_By_Sarthak.TestNG_Parallel_Part1" name="tc2" time="0.003"/>
  <testcase classname="testNG_Parallel_Testing_By_Sarthak.TestNG_Parallel_Part1" name="tc3" time="0.002"/>
</testsuite> <!-- Default test -->
