<?xml version="1.0" encoding="UTF-8"?>
<!-- Generated by org.testng.reporters.JUnitXMLReporter -->
<testsuite ignored="0" hostname="DESKTOP-LOSCQCA" failures="0" tests="4" name="Default test" time="0.099" errors="0" timestamp="2023-11-21T00:57:46 IST">
  <testcase classname="iTestContext_Interface.ITestContext_Demo" name="laptopMake" time="0.01"/>
  <testcase classname="iTestContext_Interface.ITestContext_Demo" name="laptopOS" time="0.005"/>
  <testcase classname="iTestContext_Interface.ITestContext_Demo" name="graphicsCards" time="0.002"/>
  <testcase classname="iTestContext_Interface.ITestContext_Demo" name="specsLaptop" time="0.004"/>
</testsuite> <!-- Default test -->
