<?xml version="1.0" encoding="UTF-8"?>
<!-- Generated by org.testng.reporters.JUnitXMLReporter -->
<testsuite ignored="0" hostname="DESKTOP-LOSCQCA" failures="0" tests="7" name="Test" time="89.788" errors="0" timestamp="2023-07-29T14:17:36 IST">
  <testcase classname="testNG_Parallel_Testing_By_Sarthak.TestNG_Parallel_Part1" name="tc1" time="37.524"/>
  <testcase classname="testNG_Parallel_Testing_By_Sarthak.TestNG_Parallel_Part1" name="tc1" time="40.746"/>
  <testcase classname="testNG_Parallel_Testing_By_Sarthak.TestNG_Parallel_Part2" name="tc4" time="41.72"/>
  <testcase classname="testNG_Parallel_Testing_By_Sarthak.TestNG_Parallel_Part1" name="tc1" time="43.445"/>
  <testcase classname="testNG_Parallel_Testing_By_Sarthak.TestNG_Parallel_Part2" name="tc5" time="15.808"/>
  <testcase classname="testNG_Parallel_Testing_By_Sarthak.TestNG_Parallel_Part1" name="tc2" time="46.193"/>
  <testcase classname="testNG_Parallel_Testing_By_Sarthak.TestNG_Parallel_Part1" name="tc3" time="0.006"/>
</testsuite> <!-- Test -->
