<?xml version="1.0" encoding="UTF-8"?>
<!-- Generated by org.testng.reporters.JUnitXMLReporter -->
<testsuite ignored="0" hostname="DESKTOP-LOSCQCA" failures="0" tests="3" name="Test Env Test" time="0.075" errors="0" timestamp="2023-10-14T14:17:55 IST">
  <testcase classname="testEnv.LoginTest" name="loginTest" time="0.01"/>
  <testcase classname="testEnv.RegTest" name="regTest" time="0.003"/>
  <testcase classname="testEnv.LogoutTest" name="logoutTest" time="0.007"/>
</testsuite> <!-- Test Env Test -->
