<?xml version="1.0" encoding="UTF-8"?>
<!-- Generated by org.testng.reporters.JUnitXMLReporter -->
<testsuite ignored="0" hostname="DESKTOP-LOSCQCA" failures="0" tests="3" name="UAT Env Test" time="0.031" errors="0" timestamp="2023-10-14T14:17:56 IST">
  <testcase classname="uatEnv.LoginUAT" name="loginUATTest" time="0.006"/>
  <testcase classname="uatEnv.RegUAT" name="regUATTest" time="0.006"/>
  <testcase classname="uatEnv.LogoutUAT" name="logoutUATTest" time="0.001"/>
</testsuite> <!-- UAT Env Test -->
