<?xml version="1.0" encoding="UTF-8"?>
<!-- Generated by org.testng.reporters.JUnitXMLReporter -->
<testsuite ignored="0" hostname="DESKTOP-LOSCQCA" failures="0" tests="3" name="Prod Env Test" time="0.012" errors="0" timestamp="2023-10-14T14:17:56 IST">
  <testcase classname="prodEnv.LoginProd" name="loginProdTest" time="0.001"/>
  <testcase classname="prodEnv.RegProd" name="regProdTest" time="0.002"/>
  <testcase classname="prodEnv.LogoutProd" name="logoutProdTest" time="0.002"/>
</testsuite> <!-- Prod Env Test -->
