<?xml version="1.0" encoding="UTF-8"?>
<testng-results ignored="0" total="7" passed="7" failed="0" skipped="0">
  <reporter-output>
  </reporter-output>
  <suite started-at="2023-07-29T14:16:06 IST" name="Suite" finished-at="2023-07-29T14:17:36 IST" duration-ms="89788">
    <groups>
    </groups>
    <test started-at="2023-07-29T14:16:06 IST" name="Test" finished-at="2023-07-29T14:17:36 IST" duration-ms="89788">
      <class name="testNG_Parallel_Testing_By_Sarthak.TestNG_Parallel_Part2">
        <test-method signature="tc4()[pri:0, instance:testNG_Parallel_Testing_By_Sarthak.TestNG_Parallel_Part2@3e84448c]" started-at="2023-07-29T14:16:06 IST" name="tc4" finished-at="2023-07-29T14:16:48 IST" duration-ms="41720" status="PASS">
          <reporter-output>
          </reporter-output>
        </test-method> <!-- tc4 -->
        <test-method is-config="true" signature="tearDown()[pri:0, instance:testNG_Parallel_Testing_By_Sarthak.TestNG_Parallel_Part2@3e84448c]" started-at="2023-07-29T14:16:48 IST" name="tearDown" finished-at="2023-07-29T14:16:57 IST" duration-ms="9277" status="PASS">
          <reporter-output>
          </reporter-output>
        </test-method> <!-- tearDown -->
        <test-method signature="tc5()[pri:0, instance:testNG_Parallel_Testing_By_Sarthak.TestNG_Parallel_Part2@3e84448c]" started-at="2023-07-29T14:16:57 IST" name="tc5" finished-at="2023-07-29T14:17:13 IST" duration-ms="15808" status="PASS">
          <reporter-output>
          </reporter-output>
        </test-method> <!-- tc5 -->
        <test-method is-config="true" signature="tearDown()[pri:0, instance:testNG_Parallel_Testing_By_Sarthak.TestNG_Parallel_Part2@3e84448c]" started-at="2023-07-29T14:17:13 IST" name="tearDown" finished-at="2023-07-29T14:17:14 IST" duration-ms="887" status="PASS">
          <reporter-output>
          </reporter-output>
        </test-method> <!-- tearDown -->
      </class> <!-- testNG_Parallel_Testing_By_Sarthak.TestNG_Parallel_Part2 -->
      <class name="testNG_Parallel_Testing_By_Sarthak.TestNG_Parallel_Part1">
        <test-method signature="tc1()[pri:0, instance:testNG_Parallel_Testing_By_Sarthak.TestNG_Parallel_Part1@193f604a]" started-at="2023-07-29T14:16:06 IST" name="tc1" finished-at="2023-07-29T14:16:44 IST" duration-ms="37524" status="PASS">
          <reporter-output>
          </reporter-output>
        </test-method> <!-- tc1 -->
        <test-method signature="tc1()[pri:0, instance:testNG_Parallel_Testing_By_Sarthak.TestNG_Parallel_Part1@193f604a]" started-at="2023-07-29T14:16:06 IST" name="tc1" finished-at="2023-07-29T14:16:50 IST" duration-ms="43445" status="PASS">
          <reporter-output>
          </reporter-output>
        </test-method> <!-- tc1 -->
        <test-method signature="tc1()[pri:0, instance:testNG_Parallel_Testing_By_Sarthak.TestNG_Parallel_Part1@193f604a]" started-at="2023-07-29T14:16:06 IST" name="tc1" finished-at="2023-07-29T14:16:47 IST" duration-ms="40746" status="PASS">
          <reporter-output>
          </reporter-output>
        </test-method> <!-- tc1 -->
        <test-method signature="tc2()[pri:0, instance:testNG_Parallel_Testing_By_Sarthak.TestNG_Parallel_Part1@193f604a]" started-at="2023-07-29T14:16:50 IST" name="tc2" finished-at="2023-07-29T14:17:36 IST" duration-ms="46193" status="PASS">
          <reporter-output>
          </reporter-output>
        </test-method> <!-- tc2 -->
        <test-method signature="tc3()[pri:0, instance:testNG_Parallel_Testing_By_Sarthak.TestNG_Parallel_Part1@193f604a]" started-at="2023-07-29T14:17:36 IST" name="tc3" finished-at="2023-07-29T14:17:36 IST" duration-ms="6" status="PASS">
          <reporter-output>
          </reporter-output>
        </test-method> <!-- tc3 -->
      </class> <!-- testNG_Parallel_Testing_By_Sarthak.TestNG_Parallel_Part1 -->
    </test> <!-- Test -->
  </suite> <!-- Suite -->
</testng-results>
